This is pdfTeX, Version 3.141592653-2.6-1.40.24 (TeX Live 2022/Homebrew) (preloaded format=pdflatex 2022.10.3)  17 OCT 2022 13:48
entering extended mode
 restricted \write18 enabled.
 %&-line parsing enabled.
**Appendix.tex
(./Appendix.tex
LaTeX2e <2021-11-15> patch level 1
L3 programming layer <2022-02-24>
(/usr/local/Cellar/texlive/20220321_3/share/texmf-dist/tex/latex/base/article.c
ls
Document Class: article 2021/10/04 v1.4n Standard LaTeX document class

(/usr/local/Cellar/texlive/20220321_3/share/texmf-dist/tex/latex/base/size10.cl
o
File: size10.clo 2021/10/04 v1.4n Standard LaTeX file (size option)
)
\c@part=\count185
\c@section=\count186
\c@subsection=\count187
\c@subsubsection=\count188
\c@paragraph=\count189
\c@subparagraph=\count190
\c@figure=\count191
\c@table=\count192
\abovecaptionskip=\skip47
\belowcaptionskip=\skip48
\bibindent=\dimen138
)
(/usr/local/Cellar/texlive/20220321_3/share/texmf-dist/tex/latex/base/inputenc.
sty
Package: inputenc 2021/02/14 v1.3d Input encoding file
\inpenc@prehook=\toks16
\inpenc@posthook=\toks17
)
(/usr/local/Cellar/texlive/20220321_3/share/texmf-dist/tex/latex/base/fontenc.s
ty
Package: fontenc 2021/04/29 v2.0v Standard LaTeX package
)
(/usr/local/Cellar/texlive/20220321_3/share/texmf-dist/tex/generic/babel/babel.
sty
Package: babel 2022/02/26 3.73 The Babel package
\babel@savecnt=\count193
\U@D=\dimen139
\l@unhyphenated=\language87

(/usr/local/Cellar/texlive/20220321_3/share/texmf-dist/tex/generic/babel/txtbab
el.def)
\bbl@readstream=\read2
\bbl@dirlevel=\count194

(/usr/local/Cellar/texlive/20220321_3/share/texmf-dist/tex/generic/babel-portug
es/brazil.ldf
Language: portuges 2021/07/09 v1.2t Portuguese support from the babel system
Package babel Info: Hyphen rules for 'brazil' set to \l@portuguese
(babel)             (\language70). Reported on input line 111.
Package babel Info: Making " an active character on input line 143.
))
(/usr/local/Cellar/texlive/20220321_3/share/texmf-dist/tex/latex/geometry/geome
try.sty
Package: geometry 2020/01/02 v5.9 Page Geometry

(/usr/local/Cellar/texlive/20220321_3/share/texmf-dist/tex/latex/graphics/keyva
l.sty
Package: keyval 2014/10/28 v1.15 key=value parser (DPC)
\KV@toks@=\toks18
)
(/usr/local/Cellar/texlive/20220321_3/share/texmf-dist/tex/generic/iftex/ifvtex
.sty
Package: ifvtex 2019/10/25 v1.7 ifvtex legacy package. Use iftex instead.

(/usr/local/Cellar/texlive/20220321_3/share/texmf-dist/tex/generic/iftex/iftex.
sty
Package: iftex 2022/02/03 v1.0f TeX engine tests
))
\Gm@cnth=\count195
\Gm@cntv=\count196
\c@Gm@tempcnt=\count197
\Gm@bindingoffset=\dimen140
\Gm@wd@mp=\dimen141
\Gm@odd@mp=\dimen142
\Gm@even@mp=\dimen143
\Gm@layoutwidth=\dimen144
\Gm@layoutheight=\dimen145
\Gm@layouthoffset=\dimen146
\Gm@layoutvoffset=\dimen147
\Gm@dimlist=\toks19
)
(/usr/local/Cellar/texlive/20220321_3/share/texmf-dist/tex/latex/l3backend/l3ba
ckend-pdftex.def
File: l3backend-pdftex.def 2022-02-07 L3 backend support: PDF output (pdfTeX)
\l__color_backend_stack_int=\count198
\l__pdf_internal_box=\box50
) (./Appendix.aux)
\openout1 = `Appendix.aux'.

LaTeX Font Info:    Checking defaults for OML/cmm/m/it on input line 7.
LaTeX Font Info:    ... okay on input line 7.
LaTeX Font Info:    Checking defaults for OMS/cmsy/m/n on input line 7.
LaTeX Font Info:    ... okay on input line 7.
LaTeX Font Info:    Checking defaults for OT1/cmr/m/n on input line 7.
LaTeX Font Info:    ... okay on input line 7.
LaTeX Font Info:    Checking defaults for T1/cmr/m/n on input line 7.
LaTeX Font Info:    ... okay on input line 7.
LaTeX Font Info:    Checking defaults for TS1/cmr/m/n on input line 7.
LaTeX Font Info:    ... okay on input line 7.
LaTeX Font Info:    Checking defaults for OMX/cmex/m/n on input line 7.
LaTeX Font Info:    ... okay on input line 7.
LaTeX Font Info:    Checking defaults for U/cmr/m/n on input line 7.
LaTeX Font Info:    ... okay on input line 7.

*geometry* driver: auto-detecting
*geometry* detected driver: pdftex
*geometry* verbose mode - [ preamble ] result:
* driver: pdftex
* paper: a4paper
* layout: <same size as paper>
* layoutoffset:(h,v)=(0.0pt,0.0pt)
* modes: 
* h-part:(L,W,R)=(81.94394pt, 433.62pt, 81.94394pt)
* v-part:(T,H,B)=(106.75473pt, 578.15999pt, 160.13213pt)
* \paperwidth=597.50787pt
* \paperheight=845.04684pt
* \textwidth=433.62pt
* \textheight=578.15999pt
* \oddsidemargin=9.67395pt
* \evensidemargin=9.67395pt
* \topmargin=-2.51526pt
* \headheight=12.0pt
* \headsep=25.0pt
* \topskip=10.0pt
* \footskip=30.0pt
* \marginparwidth=65.0pt
* \marginparsep=11.0pt
* \columnsep=10.0pt
* \skip\footins=9.0pt plus 4.0pt minus 2.0pt
* \hoffset=0.0pt
* \voffset=0.0pt
* \mag=1000
* \@twocolumnfalse
* \@twosidefalse
* \@mparswitchfalse
* \@reversemarginfalse
* (1in=72.27pt=25.4mm, 1cm=28.453pt)


Underfull \hbox (badness 10000) in paragraph at lines 23--48

 []


Underfull \hbox (badness 10000) in paragraph at lines 23--48

 []


Underfull \hbox (badness 10000) in paragraph at lines 23--48

 []


Underfull \hbox (badness 10000) in paragraph at lines 23--48

 []


Underfull \hbox (badness 10000) in paragraph at lines 23--48

 []

[1

{/usr/local/Cellar/texlive/20220321_3/share/texmf-dist/fonts/map/pdftex/updmap/
pdftex.map}] (./Appendix.aux) ) 
Here is how much of TeX's memory you used:
 2235 strings out of 478268
 37187 string characters out of 5836863
 347908 words of memory out of 5000000
 20486 multiletter control sequences out of 15000+600000
 473791 words of font info for 34 fonts, out of 8000000 for 9000
 1141 hyphenation exceptions out of 8191
 55i,5n,62p,345b,129s stack positions out of 10000i,1000n,20000p,200000b,200000s
{/usr/local/Cellar/texlive/20220321_3/share/texm
f-dist/fonts/enc/dvips/cm-super/cm-super-t1.enc}</usr/local/Cellar/texlive/2022
0321_3/share/texmf-dist/fonts/type1/public/cm-super/sfbx1200.pfb></usr/local/Ce
llar/texlive/20220321_3/share/texmf-dist/fonts/type1/public/cm-super/sfbx1440.p
fb></usr/local/Cellar/texlive/20220321_3/share/texmf-dist/fonts/type1/public/cm
-super/sfrm1000.pfb></usr/local/Cellar/texlive/20220321_3/share/texmf-dist/font
s/type1/public/cm-super/sfti1000.pfb>
Output written on Appendix.pdf (1 page, 75858 bytes).
PDF statistics:
 29 PDF objects out of 1000 (max. 8388607)
 17 compressed objects within 1 object stream
 0 named destinations out of 1000 (max. 500000)
 1 words of extra memory for PDF output out of 10000 (max. 10000000)

